<?xml version="1.0" encoding="UTF-8" ?>
<testsuite tests="44" failures="0" name="com.bupaupgrade.testrunner.TestRunner" time="32.874" errors="0" skipped="0">
  <properties>
[...]
</properties>
  <testcase classname="| where you are | RegressionUI | config | config | UnitedkingdomPage | United Kingdom |" name="Given I am on the &quot;where you are&quot; login page of &quot;RegressionUI&quot; using &quot;config&quot; browser on &quot;config&quot;" time="0.004"/>
  <testcase classname="| where you are | RegressionUI | config | config | UnitedkingdomPage | United Kingdom |" name="When I click on country using &quot;United Kingdom&quot;" time="0"/>
  <testcase classname="| where you are | RegressionUI | config | config | UnitedkingdomPage | United Kingdom |" name="Then I should be navigated to the &quot;RegressionUI&quot; of &quot;UnitedkingdomPage&quot;" time="0"/>
  <testcase classname="| where you are | RegressionUI | config | config | UnitedkingdomPage | United Kingdom |" name="| where you are | RegressionUI | config | config | UnitedkingdomPage | United Kingdom |" time="3.5"/>
  <testcase classname="| where you are | RegressionUI | config | config | AustraliaPage | Australia |" name="Given I am on the &quot;where you are&quot; login page of &quot;RegressionUI&quot; using &quot;config&quot; browser on &quot;config&quot;" time="0"/>
  <testcase classname="| where you are | RegressionUI | config | config | AustraliaPage | Australia |" name="When I click on country using &quot;Australia&quot;" time="0"/>
  <testcase classname="| where you are | RegressionUI | config | config | AustraliaPage | Australia |" name="Then I should be navigated to the &quot;RegressionUI&quot; of &quot;AustraliaPage&quot;" time="0"/>
  <testcase classname="| where you are | RegressionUI | config | config | AustraliaPage | Australia |" name="| where you are | RegressionUI | config | config | AustraliaPage | Australia |" time="3.379"/>
  <testcase classname="| where you are | RegressionUI | config | config | ChilePage | Chile |" name="Given I am on the &quot;where you are&quot; login page of &quot;RegressionUI&quot; using &quot;config&quot; browser on &quot;config&quot;" time="0"/>
  <testcase classname="| where you are | RegressionUI | config | config | ChilePage | Chile |" name="When I click on country using &quot;Chile&quot;" time="0"/>
  <testcase classname="| where you are | RegressionUI | config | config | ChilePage | Chile |" name="Then I should be navigated to the &quot;RegressionUI&quot; of &quot;ChilePage&quot;" time="0.001"/>
  <testcase classname="| where you are | RegressionUI | config | config | ChilePage | Chile |" name="| where you are | RegressionUI | config | config | ChilePage | Chile |" time="2.857"/>
  <testcase classname="| where you are | RegressionUI | config | config | ChinaPage | China |" name="Given I am on the &quot;where you are&quot; login page of &quot;RegressionUI&quot; using &quot;config&quot; browser on &quot;config&quot;" time="0.001"/>
  <testcase classname="| where you are | RegressionUI | config | config | ChinaPage | China |" name="When I click on country using &quot;China&quot;" time="0"/>
  <testcase classname="| where you are | RegressionUI | config | config | ChinaPage | China |" name="Then I should be navigated to the &quot;RegressionUI&quot; of &quot;ChinaPage&quot;" time="0"/>
  <testcase classname="| where you are | RegressionUI | config | config | ChinaPage | China |" name="| where you are | RegressionUI | config | config | ChinaPage | China |" time="2.789"/>
  <testcase classname="| where you are | RegressionUI | config | config | HongkongPage | Hong Kong SAR |" name="Given I am on the &quot;where you are&quot; login page of &quot;RegressionUI&quot; using &quot;config&quot; browser on &quot;config&quot;" time="0"/>
  <testcase classname="| where you are | RegressionUI | config | config | HongkongPage | Hong Kong SAR |" name="When I click on country using &quot;Hong Kong SAR&quot;" time="0"/>
  <testcase classname="| where you are | RegressionUI | config | config | HongkongPage | Hong Kong SAR |" name="Then I should be navigated to the &quot;RegressionUI&quot; of &quot;HongkongPage&quot;" time="0"/>
  <testcase classname="| where you are | RegressionUI | config | config | HongkongPage | Hong Kong SAR |" name="| where you are | RegressionUI | config | config | HongkongPage | Hong Kong SAR |" time="2.809"/>
  <testcase classname="| where you are | RegressionUI | config | config | IndiaPage | India |" name="Given I am on the &quot;where you are&quot; login page of &quot;RegressionUI&quot; using &quot;config&quot; browser on &quot;config&quot;" time="0"/>
  <testcase classname="| where you are | RegressionUI | config | config | IndiaPage | India |" name="When I click on country using &quot;India&quot;" time="0"/>
  <testcase classname="| where you are | RegressionUI | config | config | IndiaPage | India |" name="Then I should be navigated to the &quot;RegressionUI&quot; of &quot;IndiaPage&quot;" time="0"/>
  <testcase classname="| where you are | RegressionUI | config | config | IndiaPage | India |" name="| where you are | RegressionUI | config | config | IndiaPage | India |" time="2.687"/>
  <testcase classname="| where you are | RegressionUI | config | config | NewzealandPage | New Zealand |" name="Given I am on the &quot;where you are&quot; login page of &quot;RegressionUI&quot; using &quot;config&quot; browser on &quot;config&quot;" time="0"/>
  <testcase classname="| where you are | RegressionUI | config | config | NewzealandPage | New Zealand |" name="When I click on country using &quot;New Zealand&quot;" time="0"/>
  <testcase classname="| where you are | RegressionUI | config | config | NewzealandPage | New Zealand |" name="Then I should be navigated to the &quot;RegressionUI&quot; of &quot;NewzealandPage&quot;" time="0"/>
  <testcase classname="| where you are | RegressionUI | config | config | NewzealandPage | New Zealand |" name="| where you are | RegressionUI | config | config | NewzealandPage | New Zealand |" time="2.764"/>
  <testcase classname="| where you are | RegressionUI | config | config | PolandPage | Poland |" name="Given I am on the &quot;where you are&quot; login page of &quot;RegressionUI&quot; using &quot;config&quot; browser on &quot;config&quot;" time="0"/>
  <testcase classname="| where you are | RegressionUI | config | config | PolandPage | Poland |" name="When I click on country using &quot;Poland&quot;" time="0"/>
  <testcase classname="| where you are | RegressionUI | config | config | PolandPage | Poland |" name="Then I should be navigated to the &quot;RegressionUI&quot; of &quot;PolandPage&quot;" time="0"/>
  <testcase classname="| where you are | RegressionUI | config | config | PolandPage | Poland |" name="| where you are | RegressionUI | config | config | PolandPage | Poland |" time="3.525"/>
  <testcase classname="| where you are | RegressionUI | config | config | SaudiarabiaPage | Saudi Arabia |" name="Given I am on the &quot;where you are&quot; login page of &quot;RegressionUI&quot; using &quot;config&quot; browser on &quot;config&quot;" time="0"/>
  <testcase classname="| where you are | RegressionUI | config | config | SaudiarabiaPage | Saudi Arabia |" name="When I click on country using &quot;Saudi Arabia&quot;" time="0.001"/>
  <testcase classname="| where you are | RegressionUI | config | config | SaudiarabiaPage | Saudi Arabia |" name="Then I should be navigated to the &quot;RegressionUI&quot; of &quot;SaudiarabiaPage&quot;" time="0"/>
  <testcase classname="| where you are | RegressionUI | config | config | SaudiarabiaPage | Saudi Arabia |" name="| where you are | RegressionUI | config | config | SaudiarabiaPage | Saudi Arabia |" time="2.712"/>
  <testcase classname="| where you are | RegressionUI | config | config | SpainPage | Spain |" name="Given I am on the &quot;where you are&quot; login page of &quot;RegressionUI&quot; using &quot;config&quot; browser on &quot;config&quot;" time="0.001"/>
  <testcase classname="| where you are | RegressionUI | config | config | SpainPage | Spain |" name="When I click on country using &quot;Spain&quot;" time="0"/>
  <testcase classname="| where you are | RegressionUI | config | config | SpainPage | Spain |" name="Then I should be navigated to the &quot;RegressionUI&quot; of &quot;SpainPage&quot;" time="0"/>
  <testcase classname="| where you are | RegressionUI | config | config | SpainPage | Spain |" name="| where you are | RegressionUI | config | config | SpainPage | Spain |" time="3.097"/>
  <testcase classname="| where you are | RegressionUI | config | config | WorldwidePage | Worldwide |" name="Given I am on the &quot;where you are&quot; login page of &quot;RegressionUI&quot; using &quot;config&quot; browser on &quot;config&quot;" time="0"/>
  <testcase classname="| where you are | RegressionUI | config | config | WorldwidePage | Worldwide |" name="When I click on country using &quot;Worldwide&quot;" time="0"/>
  <testcase classname="| where you are | RegressionUI | config | config | WorldwidePage | Worldwide |" name="Then I should be navigated to the &quot;RegressionUI&quot; of &quot;WorldwidePage&quot;" time="0"/>
  <testcase classname="| where you are | RegressionUI | config | config | WorldwidePage | Worldwide |" name="| where you are | RegressionUI | config | config | WorldwidePage | Worldwide |" time="2.747"/>
</testsuite>